2018/01/22 20:16:03 start
2018/01/22 20:16:05 67.6701ms 0 418 I'm a teapot
2018/01/22 20:16:05 219.5906ms 2 418 I'm a teapot
2018/01/22 20:16:06 61.9788ms 2 418 I'm a teapot
2018/01/22 20:16:06 61.5213ms 2 418 I'm a teapot
2018/01/22 20:16:07 55.9056ms 1 418 I'm a teapot
2018/01/22 20:16:07 64.2253ms 0 418 I'm a teapot
2018/01/22 20:16:08 59.0242ms 1 418 I'm a teapot
2018/01/22 20:16:08 48.0088ms 0 418 I'm a teapot
2018/01/22 20:16:08 59.1474ms 1 418 I'm a teapot
2018/01/22 20:16:08 stop
2018/01/22 20:18:20 url=https://www.google.com/teapot, count=3, user=3, duration=3s
2018/01/22 20:18:20 start
2018/01/22 20:18:22 195.6609ms 2 418 I'm a teapot
2018/01/22 20:18:22 76.3724ms 0 418 I'm a teapot
2018/01/22 20:18:22 63.857ms 0 418 I'm a teapot
2018/01/22 20:18:23 63.7021ms 0 418 I'm a teapot
2018/01/22 20:18:24 61.8554ms 1 418 I'm a teapot
2018/01/22 20:18:24 64.7683ms 2 418 I'm a teapot
2018/01/22 20:18:24 63.6365ms 1 418 I'm a teapot
2018/01/22 20:18:25 59.9387ms 2 418 I'm a teapot
2018/01/22 20:18:25 64.2934ms 1 418 I'm a teapot
2018/01/22 20:18:25 stop
2018/01/22 20:30:59 start
2018/01/22 20:30:59 url=https://www.google.com/teapot, count=3, user=3, duration=3s
2018/01/22 20:31:01 206.1873ms 0 418 I'm a teapot
2018/01/22 20:31:01 174.8143ms 2 418 I'm a teapot
2018/01/22 20:31:01 62.4002ms 2 418 I'm a teapot
2018/01/22 20:31:02 58.5785ms 2 418 I'm a teapot
2018/01/22 20:31:02 63.563ms 1 418 I'm a teapot
2018/01/22 20:31:03 63.623ms 0 418 I'm a teapot
2018/01/22 20:31:03 62.2834ms 1 418 I'm a teapot
2018/01/22 20:31:03 48.0229ms 0 418 I'm a teapot
2018/01/22 20:31:03 65.3758ms 1 418 I'm a teapot
2018/01/22 20:31:03 2018/01/22 20:31:01: %!s(int=3)
2018/01/22 20:31:03 2018/01/22 20:31:02: %!s(int=2)
2018/01/22 20:31:03 2018/01/22 20:31:03: %!s(int=4)
2018/01/22 20:31:03 stop
2018/01/22 20:31:29 start
2018/01/22 20:31:29 url=https://www.google.com/teapot, count=3, user=3, duration=3s
2018/01/22 20:31:31 225.1867ms 1 418 I'm a teapot
2018/01/22 20:31:31 156.4384ms 0 418 I'm a teapot
2018/01/22 20:31:31 63.5402ms 0 418 I'm a teapot
2018/01/22 20:31:32 64.1118ms 0 418 I'm a teapot
2018/01/22 20:31:33 58.9161ms 2 418 I'm a teapot
2018/01/22 20:31:33 63.6464ms 1 418 I'm a teapot
2018/01/22 20:31:33 62.9669ms 2 418 I'm a teapot
2018/01/22 20:31:34 62.7282ms 1 418 I'm a teapot
2018/01/22 20:31:34 59.4501ms 2 418 I'm a teapot
2018/01/22 20:31:34 "2018/01/22 20:31:31": %!s(int=3)
2018/01/22 20:31:34 "2018/01/22 20:31:32": %!s(int=1)
2018/01/22 20:31:34 "2018/01/22 20:31:33": %!s(int=3)
2018/01/22 20:31:34 "2018/01/22 20:31:34": %!s(int=2)
2018/01/22 20:31:34 stop
2018/01/22 20:31:52 start
2018/01/22 20:31:52 url=https://www.google.com/teapot, count=3, user=3, duration=3s
2018/01/22 20:31:54 188.2372ms 2 418 I'm a teapot
2018/01/22 20:31:54 63.1061ms 0 418 I'm a teapot
2018/01/22 20:31:54 63.6603ms 0 418 I'm a teapot
2018/01/22 20:31:55 63.6784ms 0 418 I'm a teapot
2018/01/22 20:31:56 61.4445ms 1 418 I'm a teapot
2018/01/22 20:31:56 61.0018ms 2 418 I'm a teapot
2018/01/22 20:31:56 63.651ms 1 418 I'm a teapot
2018/01/22 20:31:57 48.0192ms 2 418 I'm a teapot
2018/01/22 20:31:57 63.1038ms 1 418 I'm a teapot
2018/01/22 20:31:57 "2018/01/22 20:31:54": 3tps
2018/01/22 20:31:57 "2018/01/22 20:31:55": 1tps
2018/01/22 20:31:57 "2018/01/22 20:31:56": 3tps
2018/01/22 20:31:57 "2018/01/22 20:31:57": 2tps
2018/01/22 20:31:57 stop
2018/01/22 20:32:29 start
2018/01/22 20:32:29 url=https://www.google.com/teapot, count=3, user=3, duration=3s
2018/01/22 20:32:31 182.4537ms 1 418 I'm a teapot
2018/01/22 20:32:31 58.1147ms 0 418 I'm a teapot
2018/01/22 20:32:31 64.9186ms 0 418 I'm a teapot
2018/01/22 20:32:32 47.9323ms 0 418 I'm a teapot
2018/01/22 20:32:33 61.8147ms 2 418 I'm a teapot
2018/01/22 20:32:33 58.1491ms 1 418 I'm a teapot
2018/01/22 20:32:33 59.1752ms 2 418 I'm a teapot
2018/01/22 20:32:34 64.5187ms 1 418 I'm a teapot
2018/01/22 20:32:34 47.9385ms 2 418 I'm a teapot
2018/01/22 20:32:34 "2018/01/22 20:32:31",3
2018/01/22 20:32:34 "2018/01/22 20:32:32",1
2018/01/22 20:32:34 "2018/01/22 20:32:33",3
2018/01/22 20:32:34 "2018/01/22 20:32:34",2
2018/01/22 20:32:34 stop
2018/01/22 20:32:48 start
2018/01/22 20:32:48 url=https://www.google.com/teapot, count=3, user=10, duration=3s
2018/01/22 20:32:49 187.2836ms 7 418 I'm a teapot
2018/01/22 20:32:49 65.3207ms 1 418 I'm a teapot
2018/01/22 20:32:49 62.4779ms 2 418 I'm a teapot
2018/01/22 20:32:49 59.349ms 4 418 I'm a teapot
2018/01/22 20:32:49 62.667ms 8 418 I'm a teapot
2018/01/22 20:32:49 62.7556ms 3 418 I'm a teapot
2018/01/22 20:32:50 62.3499ms 2 418 I'm a teapot
2018/01/22 20:32:50 63.6395ms 5 418 I'm a teapot
2018/01/22 20:32:50 63.4962ms 2 418 I'm a teapot
2018/01/22 20:32:50 65.3731ms 0 418 I'm a teapot
2018/01/22 20:32:51 80.506ms 6 418 I'm a teapot
2018/01/22 20:32:51 63.208ms 3 418 I'm a teapot
2018/01/22 20:32:51 63.4444ms 5 418 I'm a teapot
2018/01/22 20:32:51 60.8621ms 3 418 I'm a teapot
2018/01/22 20:32:52 62.4156ms 8 418 I'm a teapot
2018/01/22 20:32:52 64.7446ms 7 418 I'm a teapot
2018/01/22 20:32:52 66.4958ms 1 418 I'm a teapot
2018/01/22 20:32:52 59.6073ms 9 418 I'm a teapot
2018/01/22 20:32:52 63.5702ms 6 418 I'm a teapot
2018/01/22 20:32:52 71.2024ms 0 418 I'm a teapot
2018/01/22 20:32:53 68.489ms 9 418 I'm a teapot
2018/01/22 20:32:53 56.5567ms 4 418 I'm a teapot
2018/01/22 20:32:53 64.4966ms 7 418 I'm a teapot
2018/01/22 20:32:54 63.2565ms 5 418 I'm a teapot
2018/01/22 20:32:55 65.4742ms 0 418 I'm a teapot
2018/01/22 20:32:55 59.3267ms 6 418 I'm a teapot
2018/01/22 20:32:57 61.0406ms 8 418 I'm a teapot
2018/01/22 20:32:57 59.0526ms 9 418 I'm a teapot
2018/01/22 20:32:58 65.9185ms 1 418 I'm a teapot
2018/01/22 20:33:03 57.4594ms 4 418 I'm a teapot
2018/01/22 20:33:03 "2018/01/22 20:32:49",6
2018/01/22 20:33:03 "2018/01/22 20:32:50",4
2018/01/22 20:33:03 "2018/01/22 20:32:51",4
2018/01/22 20:33:03 "2018/01/22 20:32:52",6
2018/01/22 20:33:03 "2018/01/22 20:32:53",3
2018/01/22 20:33:03 "2018/01/22 20:32:54",1
2018/01/22 20:33:03 "2018/01/22 20:32:55",2
2018/01/22 20:33:03 "2018/01/22 20:32:57",2
2018/01/22 20:33:03 "2018/01/22 20:32:58",1
2018/01/22 20:33:03 "2018/01/22 20:33:03",1
2018/01/22 20:33:03 stop
2018/01/22 20:52:00 start
2018/01/22 20:52:00 url=https://www.google.com/teapot, count=3, user=3, duration=3s
2018/01/22 20:52:02 195.5712ms 0 418 I'm a teapot
2018/01/22 20:52:02 70.4612ms 2 418 I'm a teapot
2018/01/22 20:52:02 72.9492ms 2 418 I'm a teapot
2018/01/22 20:52:03 64.075ms 2 418 I'm a teapot
2018/01/22 20:52:04 61.4175ms 1 418 I'm a teapot
2018/01/22 20:52:04 60.2781ms 0 418 I'm a teapot
2018/01/22 20:52:04 64.8036ms 1 418 I'm a teapot
2018/01/22 20:52:04 65.0593ms 0 418 I'm a teapot
2018/01/22 20:52:04 63.6533ms 1 418 I'm a teapot
2018/01/22 20:52:05 tps,"2018/01/22 20:52:02",3
2018/01/22 20:52:05 tps,"2018/01/22 20:52:03",1
2018/01/22 20:52:05 tps,"2018/01/22 20:52:04",4
2018/01/22 20:52:05 tps,"2018/01/22 20:52:05",1
2018/01/22 20:52:05 average,79.8076ms
2018/01/22 20:52:05 stop
2018/01/22 20:55:34 start
2018/01/22 20:55:34 url=https://www.google.com/teapot, count=3, user=3, duration=3s
2018/01/22 20:55:36 197.8794ms 1 418 I'm a teapot
2018/01/22 20:55:58 start
2018/01/22 20:55:58 url=https://www.google.com/teapot, count=3, user=3, duration=3s
2018/01/22 20:56:00 60.1586ms 0 418 I'm a teapot
2018/01/22 20:56:00 196.7714ms 1 418 I'm a teapot
2018/01/22 20:56:00 62.2276ms 1 418 I'm a teapot
2018/01/22 20:56:01 60.2986ms 1 418 I'm a teapot
2018/01/22 20:56:02 48.0112ms 2 418 I'm a teapot
2018/01/22 20:56:02 64.2674ms 0 418 I'm a teapot
2018/01/22 20:56:02 61.1657ms 2 418 I'm a teapot
2018/01/22 20:56:03 62.164ms 0 418 I'm a teapot
2018/01/22 20:56:03 63.7452ms 2 418 I'm a teapot
2018/01/22 20:56:03 tps,"2018/01/22 20:56:00",3
2018/01/22 20:56:03 tps,"2018/01/22 20:56:01",1
2018/01/22 20:56:03 tps,"2018/01/22 20:56:02",3
2018/01/22 20:56:03 tps,"2018/01/22 20:56:03",2
2018/01/22 20:56:03 tpm,"2018/01/22 20:56",9
2018/01/22 20:56:03 average,75.4233ms
2018/01/22 20:56:03 stop
